2026-02-27 10:58:36 [main] INFO  Base.BaseClass - **************** Starting Test Setup ****************
2026-02-27 10:58:39 [main] INFO  Base.BaseClass - Chrome Browser launched successfully.
2026-02-27 10:58:41 [main] INFO  Base.BaseClass - Navigated to URL: http://localhost:3000
2026-02-27 10:58:42 [main] INFO  Base.BaseClass - Welcome banner closed successfully.
2026-02-27 10:58:46 [main] INFO  Base.BaseClass - Browser session closed.
2026-02-27 10:58:46 [main] INFO  Base.BaseClass - **************** Test Execution Finished ****************
2026-02-27 11:08:23 [main] INFO  Base.BaseClass - **************** Starting Test Setup ****************
2026-02-27 11:08:25 [main] INFO  Base.BaseClass - Chrome Browser launched successfully.
2026-02-27 11:08:26 [main] INFO  Base.BaseClass - Navigated to URL: http://localhost:3000
2026-02-27 11:08:27 [main] INFO  Base.BaseClass - Welcome banner closed successfully.
2026-02-27 11:08:32 [main] INFO  Base.BaseClass - Browser session closed.
2026-02-27 11:08:32 [main] INFO  Base.BaseClass - **************** Test Execution Finished ****************
2026-02-27 11:09:41 [main] INFO  Base.BaseClass - **************** Starting Test Setup ****************
2026-02-27 11:09:42 [main] INFO  Base.BaseClass - Chrome Browser launched successfully.
2026-02-27 11:09:43 [main] INFO  Base.BaseClass - Navigated to URL: http://localhost:3000
2026-02-27 11:09:53 [main] WARN  Base.BaseClass - Welcome banner did not appear or could not be closed. Skipping.
2026-02-27 11:11:07 [main] INFO  Base.BaseClass - Browser session closed.
2026-02-27 11:11:07 [main] INFO  Base.BaseClass - **************** Test Execution Finished ****************
2026-02-27 11:13:25 [main] INFO  Base.BaseClass - **************** Starting Test Setup ****************
2026-02-27 11:13:27 [main] INFO  Base.BaseClass - Chrome Browser launched successfully.
2026-02-27 11:13:28 [main] INFO  Base.BaseClass - Navigated to URL: http://localhost:3000
2026-02-27 11:13:28 [main] INFO  Base.BaseClass - Welcome banner closed successfully.
2026-02-27 11:13:32 [main] INFO  Base.BaseClass - Browser session closed.
2026-02-27 11:13:32 [main] INFO  Base.BaseClass - **************** Test Execution Finished ****************
